05/05/2024 23:35:08
GlazeWM.Infrastructure.Exceptions.FatalUserException: Failed to parse user config. (Line: 82, Col: 9, Idx: 2417) - (Line: 82, Col: 9, Idx: 2417): While parsing a block mapping, did not find expected key.
   at GlazeWM.Domain.UserConfigs.CommandHandlers.EvaluateUserConfigHandler.DeserializeUserConfig(String userConfigPath) in D:\a\glazewm\glazewm\GlazeWM.Domain\UserConfigs\CommandHandlers\EvaluateUserConfigHandler.cs:line 109
   at GlazeWM.Domain.UserConfigs.CommandHandlers.EvaluateUserConfigHandler.Handle(EvaluateUserConfigCommand command) in D:\a\glazewm\glazewm\GlazeWM.Domain\UserConfigs\CommandHandlers\EvaluateUserConfigHandler.cs:line 49
   at GlazeWM.Infrastructure.Bussing.Bus.Invoke[T](T command) in D:\a\glazewm\glazewm\GlazeWM.Infrastructure\Bussing\Bus.cs:line 48
   at GlazeWM.Domain.UserConfigs.CommandHandlers.ReloadUserConfigHandler.Handle(ReloadUserConfigCommand command) in D:\a\glazewm\glazewm\GlazeWM.Domain\UserConfigs\CommandHandlers\ReloadUserConfigHandler.cs:line 35
   at GlazeWM.Infrastructure.Bussing.Bus.Invoke[T](T command) in D:\a\glazewm\glazewm\GlazeWM.Infrastructure\Bussing\Bus.cs:line 48
   at CallSite.Target(Closure, CallSite, Bus, Object)
   at System.Dynamic.UpdateDelegates.UpdateAndExecuteVoid2[T0,T1](CallSite site, T0 arg0, T1 arg1)
   at GlazeWM.Domain.UserConfigs.CommandHandlers.RunWithSubjectContainerHandler.Handle(RunWithSubjectContainerCommand command) in D:\a\glazewm\glazewm\GlazeWM.Domain\UserConfigs\CommandHandlers\RunWithSubjectContainerHandler.cs:line 28
   at GlazeWM.Infrastructure.Bussing.Bus.Invoke[T](T command) in D:\a\glazewm\glazewm\GlazeWM.Infrastructure\Bussing\Bus.cs:line 48
   at GlazeWM.Domain.UserConfigs.CommandHandlers.RegisterKeybindingsHandler.<>c__DisplayClass4_0.<Handle>b__1() in D:\a\glazewm\glazewm\GlazeWM.Domain\UserConfigs\CommandHandlers\RegisterKeybindingsHandler.cs:line 63
Command history: HandleFatalExceptionCommand, EvaluateUserConfigCommand, ReloadUserConfigCommand, RunWithSubjectContainerCommand, SyncNativeFocusCommand, RedrawContainersCommand, ResizeWindowBordersCommand, RunWithSubjectContainerCommand, RunWithSubjectContainerCommand, RunWithSubjectContainerCommand, RunWithSubjectContainerCommand, ResizeWindowBordersCommand, RunWithSubjectContainerCommand, RunWithSubjectContainerCommand, RunWithSubjectContainerCommand 
State dump: {"id":"5404cf50-2a15-4912-84ae-d00d8bb637d5","x":0,"y":0,"width":0,"height":0,"type":"root","focus_index":0,"children":[{"device_name":"\\\\.\\DISPLAY1","id":"e81ef256-1e06-4896-bb67-6f0f5733b42e","x":0,"y":0,"width":2560,"height":1368,"type":"monitor","focus_index":0,"children":[{"tiling_direction":"horizontal","size_percentage":1,"name":"1","id":"f1b84cd1-21c8-4d18-8e3c-1ebe76f9719a","x":20,"y":65,"width":2520,"height":1283,"type":"workspace","focus_index":0,"children":[{"floating_placement":{"left":648,"top":61,"right":1912,"bottom":1351,"x":648,"y":61,"width":1264,"height":1290},"border_delta":{"left":7,"top":0,"right":7,"bottom":7},"handle":2098832,"previous_state":"tiling","id":"13cb9d59-5717-4b08-b440-53b8360ff489","x":0,"y":0,"width":0,"height":0,"type":"window","focus_index":2,"children":[]},{"floating_placement":{"left":568,"top":-29,"right":1992,"bottom":1441,"x":568,"y":-29,"width":1424,"height":1470},"border_delta":{"left":7,"top":0,"right":7,"bottom":7},"handle":788750,"size_percentage":1,"id":"42ded6b4-b89f-4a26-9a1f-97cfaa599492","x":20,"y":65,"width":2520,"height":1283,"type":"window","focus_index":0,"children":[]},{"floating_placement":{"left":1,"top":22,"right":2560,"bottom":1390,"x":1,"y":22,"width":2559,"height":1368},"border_delta":{"left":0,"top":0,"right":0,"bottom":0},"handle":787998,"previous_state":"tiling","id":"6da662d5-0ca0-4afd-be92-1de3402e23c6","x":0,"y":0,"width":0,"height":0,"type":"window","focus_index":1,"children":[]}]}]},{"device_name":"\\\\.\\DISPLAY6","id":"edf84e85-a6c9-4866-a126-dba1eb750988","x":3840,"y":-392,"width":2880,"height":1548,"type":"monitor","focus_index":1,"children":[{"tiling_direction":"horizontal","size_percentage":1,"name":"2","id":"8c0ce88c-b75e-4372-a21a-d49a523288b5","x":3860,"y":-327,"width":2840,"height":1463,"type":"workspace","focus_index":0,"children":[{"floating_placement":{"left":3860,"top":-323,"right":6701,"bottom":1131,"x":3860,"y":-323,"width":2841,"height":1454},"border_delta":{"left":7,"top":0,"right":7,"bottom":7},"handle":66592,"size_percentage":1,"id":"80f01e01-a62f-4bad-86e0-c9861f7fbab4","x":3860,"y":-327,"width":2840,"height":1463,"type":"window","focus_index":0,"children":[]},{"floating_placement":{"left":4751,"top":-207,"right":5809,"bottom":1016,"x":4751,"y":-207,"width":1058,"height":1223},"border_delta":{"left":7,"top":0,"right":7,"bottom":7},"handle":723798,"previous_state":"tiling","id":"782c26cc-7c0b-47f4-8378-90422f1873a5","x":0,"y":0,"width":0,"height":0,"type":"window","focus_index":1,"children":[]}]},{"tiling_direction":"horizontal","size_percentage":0,"name":"3","id":"d548c8e6-c15c-438c-b0b0-8fd6a98d7c93","x":3860,"y":-327,"width":2840,"height":1463,"type":"workspace","focus_index":1,"children":[{"floating_placement":{"left":4904,"top":-105,"right":5657,"bottom":914,"x":4904,"y":-105,"width":753,"height":1019},"border_delta":{"left":7,"top":0,"right":7,"bottom":7},"handle":527656,"size_percentage":1,"id":"0a542709-15d9-4407-a080-20273ea878c7","x":3860,"y":-327,"width":2840,"height":1463,"type":"window","focus_index":0,"children":[]}]},{"tiling_direction":"horizontal","size_percentage":0,"name":"4","id":"c211b367-164b-4f55-986e-fab43d839bb7","x":3860,"y":-327,"width":2840,"height":1463,"type":"workspace","focus_index":2,"children":[{"floating_placement":{"left":4319,"top":-137,"right":6242,"bottom":945,"x":4319,"y":-137,"width":1923,"height":1082},"border_delta":{"left":0,"top":0,"right":0,"bottom":0},"handle":1508086,"size_percentage":1,"id":"da515ec3-d788-4fda-8ae2-f304db8cf306","x":3860,"y":-327,"width":2840,"height":1463,"type":"window","focus_index":0,"children":[]}]}]}]}

05/05/2024 23:43:30
GlazeWM.Infrastructure.Exceptions.FatalUserException: Failed to parse user config. (Line: 79, Col: 9, Idx: 2201) - (Line: 79, Col: 9, Idx: 2201): While parsing a block mapping, did not find expected key.
   at GlazeWM.Domain.UserConfigs.CommandHandlers.EvaluateUserConfigHandler.DeserializeUserConfig(String userConfigPath) in D:\a\glazewm\glazewm\GlazeWM.Domain\UserConfigs\CommandHandlers\EvaluateUserConfigHandler.cs:line 109
   at GlazeWM.Domain.UserConfigs.CommandHandlers.EvaluateUserConfigHandler.Handle(EvaluateUserConfigCommand command) in D:\a\glazewm\glazewm\GlazeWM.Domain\UserConfigs\CommandHandlers\EvaluateUserConfigHandler.cs:line 49
   at GlazeWM.Infrastructure.Bussing.Bus.Invoke[T](T command) in D:\a\glazewm\glazewm\GlazeWM.Infrastructure\Bussing\Bus.cs:line 48
   at GlazeWM.Domain.UserConfigs.CommandHandlers.ReloadUserConfigHandler.Handle(ReloadUserConfigCommand command) in D:\a\glazewm\glazewm\GlazeWM.Domain\UserConfigs\CommandHandlers\ReloadUserConfigHandler.cs:line 35
   at GlazeWM.Infrastructure.Bussing.Bus.Invoke[T](T command) in D:\a\glazewm\glazewm\GlazeWM.Infrastructure\Bussing\Bus.cs:line 48
   at CallSite.Target(Closure, CallSite, Bus, Object)
   at System.Dynamic.UpdateDelegates.UpdateAndExecuteVoid2[T0,T1](CallSite site, T0 arg0, T1 arg1)
   at GlazeWM.Domain.UserConfigs.CommandHandlers.RunWithSubjectContainerHandler.Handle(RunWithSubjectContainerCommand command) in D:\a\glazewm\glazewm\GlazeWM.Domain\UserConfigs\CommandHandlers\RunWithSubjectContainerHandler.cs:line 28
   at GlazeWM.Infrastructure.Bussing.Bus.Invoke[T](T command) in D:\a\glazewm\glazewm\GlazeWM.Infrastructure\Bussing\Bus.cs:line 48
   at GlazeWM.Domain.UserConfigs.CommandHandlers.RegisterKeybindingsHandler.<>c__DisplayClass4_0.<Handle>b__1() in D:\a\glazewm\glazewm\GlazeWM.Domain\UserConfigs\CommandHandlers\RegisterKeybindingsHandler.cs:line 55
Command history: HandleFatalExceptionCommand, EvaluateUserConfigCommand, ReloadUserConfigCommand, RunWithSubjectContainerCommand, SetActiveWindowBorderCommand, SetFocusedDescendantCommand, SetActiveWindowBorderCommand, SetFocusedDescendantCommand, SyncNativeFocusCommand, RedrawContainersCommand, RunWithSubjectContainerCommand, ResizeWindowBordersCommand, RunWithSubjectContainerCommand, RunWithSubjectContainerCommand, ResizeWindowBordersCommand 
State dump: {"id":"db0eac48-7a4e-4c16-8d91-ebe2fefbcef7","x":0,"y":0,"width":0,"height":0,"type":"root","focus_index":0,"children":[{"device_name":"\\\\.\\DISPLAY1","id":"dd946d4a-84aa-4e78-8a8e-738f6975cf0e","x":0,"y":0,"width":2560,"height":1368,"type":"monitor","focus_index":0,"children":[{"tiling_direction":"horizontal","size_percentage":1,"name":"1","id":"f27c4ee8-1ff7-4b5c-b06f-6f0d5d1b8877","x":20,"y":65,"width":2520,"height":1283,"type":"workspace","focus_index":0,"children":[{"floating_placement":{"left":13,"top":61,"right":2547,"bottom":1351,"x":13,"y":61,"width":2534,"height":1290},"border_delta":{"left":7,"top":0,"right":7,"bottom":7},"handle":788750,"size_percentage":1,"id":"98149d2d-e195-40db-a201-b507cc90f4eb","x":20,"y":65,"width":2520,"height":1283,"type":"window","focus_index":0,"children":[]},{"floating_placement":{"left":648,"top":61,"right":1912,"bottom":1351,"x":648,"y":61,"width":1264,"height":1290},"border_delta":{"left":7,"top":0,"right":7,"bottom":7},"handle":2098832,"previous_state":"tiling","id":"226abacf-6c88-42e1-b45a-5ddc03a37819","x":0,"y":0,"width":0,"height":0,"type":"window","focus_index":2,"children":[]},{"floating_placement":{"left":20,"top":65,"right":2540,"bottom":1348,"x":20,"y":65,"width":2520,"height":1283},"border_delta":{"left":0,"top":0,"right":0,"bottom":0},"handle":787998,"previous_state":"tiling","id":"2580b4c4-2d0c-4b63-9cda-1bc3d6999a4a","x":0,"y":0,"width":0,"height":0,"type":"window","focus_index":1,"children":[]}]}]},{"device_name":"\\\\.\\DISPLAY6","id":"c22ac112-893b-4c3b-9184-241cc2da4aab","x":3840,"y":-392,"width":2880,"height":1548,"type":"monitor","focus_index":1,"children":[{"tiling_direction":"horizontal","size_percentage":1,"name":"2","id":"d06f297b-9788-4222-b422-f98f3894c331","x":3860,"y":-327,"width":2840,"height":1463,"type":"workspace","focus_index":0,"children":[{"floating_placement":{"left":3853,"top":-331,"right":6708,"bottom":1139,"x":3853,"y":-331,"width":2855,"height":1470},"border_delta":{"left":7,"top":0,"right":7,"bottom":7},"handle":66592,"size_percentage":1,"id":"75d461b7-fee4-49e3-b88d-f74e36759c8f","x":3860,"y":-327,"width":2840,"height":1463,"type":"window","focus_index":0,"children":[]}]},{"tiling_direction":"horizontal","size_percentage":0,"name":"4","id":"06992fc9-38a9-47b6-a5d9-8ebfa158e071","x":3860,"y":-327,"width":2840,"height":1463,"type":"workspace","focus_index":2,"children":[{"floating_placement":{"left":3860,"top":-327,"right":6700,"bottom":1136,"x":3860,"y":-327,"width":2840,"height":1463},"border_delta":{"left":0,"top":0,"right":0,"bottom":0},"handle":1508086,"size_percentage":1,"id":"f56a9db3-8a89-4c3b-a92f-a377038426ae","x":3860,"y":-327,"width":2840,"height":1463,"type":"window","focus_index":0,"children":[]}]},{"tiling_direction":"horizontal","size_percentage":0,"name":"3","id":"c76a506f-449d-410e-96fb-60ea19761db3","x":3860,"y":-327,"width":2840,"height":1463,"type":"workspace","focus_index":1,"children":[{"floating_placement":{"left":3853,"top":-331,"right":6708,"bottom":1139,"x":3853,"y":-331,"width":2855,"height":1470},"border_delta":{"left":7,"top":0,"right":7,"bottom":7},"handle":527656,"size_percentage":1,"id":"3e8d5689-c193-4ff7-9dbb-f6340b032e7a","x":3860,"y":-327,"width":2840,"height":1463,"type":"window","focus_index":0,"children":[]}]}]}]}

05/05/2024 23:43:46
GlazeWM.Infrastructure.Exceptions.FatalUserException: Failed to parse user config. (Line: 83, Col: 21, Idx: 2330) - (Line: 83, Col: 21, Idx: 2330): Mapping values are not allowed in this context.
   at GlazeWM.Domain.UserConfigs.CommandHandlers.EvaluateUserConfigHandler.DeserializeUserConfig(String userConfigPath) in D:\a\glazewm\glazewm\GlazeWM.Domain\UserConfigs\CommandHandlers\EvaluateUserConfigHandler.cs:line 109
   at GlazeWM.Domain.UserConfigs.CommandHandlers.EvaluateUserConfigHandler.Handle(EvaluateUserConfigCommand command) in D:\a\glazewm\glazewm\GlazeWM.Domain\UserConfigs\CommandHandlers\EvaluateUserConfigHandler.cs:line 49
   at GlazeWM.Infrastructure.Bussing.Bus.Invoke[T](T command) in D:\a\glazewm\glazewm\GlazeWM.Infrastructure\Bussing\Bus.cs:line 41
   at GlazeWM.Domain.Common.CommandHandlers.PopulateInitialStateHandler.Handle(PopulateInitialStateCommand command) in D:\a\glazewm\glazewm\GlazeWM.Domain\Common\CommandHandlers\PopulateInitialStateHandler.cs:line 41
   at GlazeWM.Infrastructure.Bussing.Bus.Invoke[T](T command) in D:\a\glazewm\glazewm\GlazeWM.Infrastructure\Bussing\Bus.cs:line 41
   at GlazeWM.App.WindowManager.WmStartup.Run()
Command history: HandleFatalExceptionCommand, EvaluateUserConfigCommand, PopulateInitialStateCommand 
State dump: {"id":"3d34e827-c545-4a66-ab19-9452911bdf2d","x":0,"y":0,"width":0,"height":0,"type":"root","focus_index":0,"children":[]}

05/05/2024 23:44:21
GlazeWM.Infrastructure.Exceptions.FatalUserException: Failed to parse user config. (Line: 85, Col: 9, Idx: 2342) - (Line: 85, Col: 9, Idx: 2342): While parsing a block mapping, did not find expected key.
   at GlazeWM.Domain.UserConfigs.CommandHandlers.EvaluateUserConfigHandler.DeserializeUserConfig(String userConfigPath) in D:\a\glazewm\glazewm\GlazeWM.Domain\UserConfigs\CommandHandlers\EvaluateUserConfigHandler.cs:line 109
   at GlazeWM.Domain.UserConfigs.CommandHandlers.EvaluateUserConfigHandler.Handle(EvaluateUserConfigCommand command) in D:\a\glazewm\glazewm\GlazeWM.Domain\UserConfigs\CommandHandlers\EvaluateUserConfigHandler.cs:line 49
   at GlazeWM.Infrastructure.Bussing.Bus.Invoke[T](T command) in D:\a\glazewm\glazewm\GlazeWM.Infrastructure\Bussing\Bus.cs:line 41
   at GlazeWM.Domain.Common.CommandHandlers.PopulateInitialStateHandler.Handle(PopulateInitialStateCommand command) in D:\a\glazewm\glazewm\GlazeWM.Domain\Common\CommandHandlers\PopulateInitialStateHandler.cs:line 41
   at GlazeWM.Infrastructure.Bussing.Bus.Invoke[T](T command) in D:\a\glazewm\glazewm\GlazeWM.Infrastructure\Bussing\Bus.cs:line 41
   at GlazeWM.App.WindowManager.WmStartup.Run()
Command history: HandleFatalExceptionCommand, EvaluateUserConfigCommand, PopulateInitialStateCommand 
State dump: {"id":"670c410e-f73e-4d04-ba48-fece32ef6deb","x":0,"y":0,"width":0,"height":0,"type":"root","focus_index":0,"children":[]}

05/05/2024 23:44:58
GlazeWM.Infrastructure.Exceptions.FatalUserException: Failed to parse user config. (Line: 84, Col: 21, Idx: 2338) - (Line: 84, Col: 21, Idx: 2338): Mapping values are not allowed in this context.
   at GlazeWM.Domain.UserConfigs.CommandHandlers.EvaluateUserConfigHandler.DeserializeUserConfig(String userConfigPath) in D:\a\glazewm\glazewm\GlazeWM.Domain\UserConfigs\CommandHandlers\EvaluateUserConfigHandler.cs:line 109
   at GlazeWM.Domain.UserConfigs.CommandHandlers.EvaluateUserConfigHandler.Handle(EvaluateUserConfigCommand command) in D:\a\glazewm\glazewm\GlazeWM.Domain\UserConfigs\CommandHandlers\EvaluateUserConfigHandler.cs:line 49
   at GlazeWM.Infrastructure.Bussing.Bus.Invoke[T](T command) in D:\a\glazewm\glazewm\GlazeWM.Infrastructure\Bussing\Bus.cs:line 41
   at GlazeWM.Domain.Common.CommandHandlers.PopulateInitialStateHandler.Handle(PopulateInitialStateCommand command) in D:\a\glazewm\glazewm\GlazeWM.Domain\Common\CommandHandlers\PopulateInitialStateHandler.cs:line 41
   at GlazeWM.Infrastructure.Bussing.Bus.Invoke[T](T command) in D:\a\glazewm\glazewm\GlazeWM.Infrastructure\Bussing\Bus.cs:line 41
   at GlazeWM.App.WindowManager.WmStartup.Run()
Command history: HandleFatalExceptionCommand, EvaluateUserConfigCommand, PopulateInitialStateCommand 
State dump: {"id":"265bca52-a5c1-48e1-899e-a519aecb8aab","x":0,"y":0,"width":0,"height":0,"type":"root","focus_index":0,"children":[]}

06/05/2024 13:01:21
GlazeWM.Infrastructure.Exceptions.FatalUserException: Failed to parse user config. Invalid command 'focus workspace 6'.
   at GlazeWM.Domain.UserConfigs.CommandHandlers.EvaluateUserConfigHandler.ValidateDeserializedConfig(UserConfig deserializedConfig) in D:\a\glazewm\glazewm\GlazeWM.Domain\UserConfigs\CommandHandlers\EvaluateUserConfigHandler.cs:line 209
   at GlazeWM.Domain.UserConfigs.CommandHandlers.EvaluateUserConfigHandler.Handle(EvaluateUserConfigCommand command) in D:\a\glazewm\glazewm\GlazeWM.Domain\UserConfigs\CommandHandlers\EvaluateUserConfigHandler.cs:line 58
   at GlazeWM.Infrastructure.Bussing.Bus.Invoke[T](T command) in D:\a\glazewm\glazewm\GlazeWM.Infrastructure\Bussing\Bus.cs:line 48
   at GlazeWM.Domain.UserConfigs.CommandHandlers.ReloadUserConfigHandler.Handle(ReloadUserConfigCommand command) in D:\a\glazewm\glazewm\GlazeWM.Domain\UserConfigs\CommandHandlers\ReloadUserConfigHandler.cs:line 35
   at GlazeWM.Infrastructure.Bussing.Bus.Invoke[T](T command) in D:\a\glazewm\glazewm\GlazeWM.Infrastructure\Bussing\Bus.cs:line 48
   at CallSite.Target(Closure, CallSite, Bus, Object)
   at System.Dynamic.UpdateDelegates.UpdateAndExecuteVoid2[T0,T1](CallSite site, T0 arg0, T1 arg1)
   at GlazeWM.Domain.UserConfigs.CommandHandlers.RunWithSubjectContainerHandler.Handle(RunWithSubjectContainerCommand command) in D:\a\glazewm\glazewm\GlazeWM.Domain\UserConfigs\CommandHandlers\RunWithSubjectContainerHandler.cs:line 28
   at GlazeWM.Infrastructure.Bussing.Bus.Invoke[T](T command) in D:\a\glazewm\glazewm\GlazeWM.Infrastructure\Bussing\Bus.cs:line 48
   at GlazeWM.Domain.UserConfigs.CommandHandlers.RegisterKeybindingsHandler.<>c__DisplayClass4_0.<Handle>b__1() in D:\a\glazewm\glazewm\GlazeWM.Domain\UserConfigs\CommandHandlers\RegisterKeybindingsHandler.cs:line 55
Command history: HandleFatalExceptionCommand, EvaluateUserConfigCommand, ReloadUserConfigCommand, RunWithSubjectContainerCommand, SetActiveWindowBorderCommand, SetFocusedDescendantCommand, SetActiveWindowBorderCommand, SetFocusedDescendantCommand, SyncNativeFocusCommand, RedrawContainersCommand, FlattenSplitContainerCommand, ChangeTilingDirectionCommand, ToggleTilingDirectionCommand, RunWithSubjectContainerCommand, SyncNativeFocusCommand 
State dump: {"id":"1b2469b3-17b5-4a20-8bf8-811dc96def95","x":0,"y":0,"width":0,"height":0,"type":"root","focus_index":0,"children":[{"device_name":"\\\\.\\DISPLAY1","id":"5515d86f-8c5c-4567-8d35-8aa8328fdf7c","x":0,"y":0,"width":2560,"height":1368,"type":"monitor","focus_index":0,"children":[{"tiling_direction":"horizontal","size_percentage":1,"name":"1","id":"f9eb9e1a-fd73-4b98-8a8f-92e774b96a53","x":20,"y":65,"width":2520,"height":1283,"type":"workspace","focus_index":0,"children":[{"floating_placement":{"left":868,"top":705,"right":1693,"bottom":707,"x":868,"y":705,"width":825,"height":2},"border_delta":{"left":7,"top":0,"right":7,"bottom":7},"handle":67004,"id":"ef3d4499-0e8c-4618-8ffe-38834c6d30e7","x":868,"y":705,"width":825,"height":2,"type":"window","focus_index":2,"children":[]},{"floating_placement":{"left":329,"top":216,"right":2232,"bottom":1196,"x":329,"y":216,"width":1903,"height":980},"border_delta":{"left":7,"top":0,"right":7,"bottom":7},"handle":132696,"size_percentage":0.5,"id":"f6caa0ce-a79b-48ff-ab71-ba98b8e17c24","x":20,"y":65,"width":1250,"height":1283,"type":"window","focus_index":1,"children":[]},{"floating_placement":{"left":329,"top":217,"right":2232,"bottom":1196,"x":329,"y":217,"width":1903,"height":979},"border_delta":{"left":7,"top":0,"right":7,"bottom":7},"handle":67352,"size_percentage":0.5,"id":"7c45967b-f3de-4dd5-a15f-b766437196e5","x":1290,"y":65,"width":1250,"height":1283,"type":"window","focus_index":0,"children":[]}]}]},{"device_name":"\\\\.\\DISPLAY6","id":"f7a19d69-41f0-4b49-b4df-7f61aab1ac13","x":2560,"y":-261,"width":1920,"height":1032,"type":"monitor","focus_index":1,"children":[{"tiling_direction":"horizontal","size_percentage":1,"name":"2","id":"27be2480-204b-45ea-b607-ac1e6cc0166b","x":2580,"y":-211,"width":1880,"height":962,"type":"workspace","focus_index":0,"children":[{"floating_placement":{"left":2252,"top":-376,"right":4788,"bottom":916,"x":2252,"y":-376,"width":2536,"height":1292},"border_delta":{"left":7,"top":0,"right":7,"bottom":7},"handle":262952,"size_percentage":1,"id":"58613ece-88e4-4ea2-95c8-398515ff09d0","x":2580,"y":-211,"width":1880,"height":962,"type":"window","focus_index":0,"children":[]}]}]}]}

16/05/2024 19:17:36
GlazeWM.Infrastructure.Exceptions.FatalUserException: Failed to parse user config. (Line: 74, Col: 19, Idx: 1977) - (Line: 74, Col: 26, Idx: 1984): Anchor 'crust"' not found
   at GlazeWM.Domain.UserConfigs.CommandHandlers.EvaluateUserConfigHandler.DeserializeUserConfig(String userConfigPath) in D:\a\glazewm\glazewm\GlazeWM.Domain\UserConfigs\CommandHandlers\EvaluateUserConfigHandler.cs:line 109
   at GlazeWM.Domain.UserConfigs.CommandHandlers.EvaluateUserConfigHandler.Handle(EvaluateUserConfigCommand command) in D:\a\glazewm\glazewm\GlazeWM.Domain\UserConfigs\CommandHandlers\EvaluateUserConfigHandler.cs:line 49
   at GlazeWM.Infrastructure.Bussing.Bus.Invoke[T](T command) in D:\a\glazewm\glazewm\GlazeWM.Infrastructure\Bussing\Bus.cs:line 48
   at GlazeWM.Domain.UserConfigs.CommandHandlers.ReloadUserConfigHandler.Handle(ReloadUserConfigCommand command) in D:\a\glazewm\glazewm\GlazeWM.Domain\UserConfigs\CommandHandlers\ReloadUserConfigHandler.cs:line 35
   at GlazeWM.Infrastructure.Bussing.Bus.Invoke[T](T command) in D:\a\glazewm\glazewm\GlazeWM.Infrastructure\Bussing\Bus.cs:line 48
   at CallSite.Target(Closure, CallSite, Bus, Object)
   at GlazeWM.Domain.UserConfigs.CommandHandlers.RunWithSubjectContainerHandler.Handle(RunWithSubjectContainerCommand command) in D:\a\glazewm\glazewm\GlazeWM.Domain\UserConfigs\CommandHandlers\RunWithSubjectContainerHandler.cs:line 53
   at GlazeWM.Infrastructure.Bussing.Bus.Invoke[T](T command) in D:\a\glazewm\glazewm\GlazeWM.Infrastructure\Bussing\Bus.cs:line 48
   at GlazeWM.Domain.UserConfigs.CommandHandlers.RegisterKeybindingsHandler.<>c__DisplayClass4_0.<Handle>b__1() in D:\a\glazewm\glazewm\GlazeWM.Domain\UserConfigs\CommandHandlers\RegisterKeybindingsHandler.cs:line 55
Command history: HandleFatalExceptionCommand, EvaluateUserConfigCommand, ReloadUserConfigCommand, RunWithSubjectContainerCommand, SyncNativeFocusCommand, RedrawContainersCommand, RunWithSubjectContainerCommand, RunWithSubjectContainerCommand, RunWithSubjectContainerCommand, UpdateWorkspacesFromConfigCommand, RegisterKeybindingsCommand, EvaluateUserConfigCommand, ReloadUserConfigCommand, RunWithSubjectContainerCommand, SetActiveWindowBorderCommand 
State dump: {"id":"6e6bf36d-2e8d-4c3e-b5bf-16f8a2da2d09","x":0,"y":0,"width":0,"height":0,"type":"root","focus_index":0,"children":[{"device_name":"\\\\.\\DISPLAY1","id":"0e2b04c2-5c97-42a2-a1a0-4f3c0a3e77e5","x":0,"y":0,"width":2560,"height":1368,"type":"monitor","focus_index":0,"children":[{"tiling_direction":"horizontal","size_percentage":1,"name":"1","id":"aa1bc533-1513-4044-a0fe-89103f7b751e","x":20,"y":70,"width":2520,"height":1278,"type":"workspace","focus_index":0,"children":[{"floating_placement":{"left":695,"top":281,"right":1865,"bottom":1137,"x":695,"y":281,"width":1170,"height":856},"border_delta":{"left":7,"top":0,"right":7,"bottom":7},"handle":460394,"previous_state":"tiling","id":"17495cbe-94af-41c2-8d1d-ebdf56eb63f5","x":0,"y":0,"width":0,"height":0,"type":"window","focus_index":1,"children":[]},{"floating_placement":{"left":14,"top":67,"right":2547,"bottom":1351,"x":14,"y":67,"width":2533,"height":1284},"border_delta":{"left":7,"top":0,"right":7,"bottom":7},"handle":524722,"size_percentage":1,"id":"1204ec57-f081-4f04-94d9-9a04923920ab","x":20,"y":70,"width":2520,"height":1278,"type":"window","focus_index":0,"children":[]}]}]},{"device_name":"\\\\.\\DISPLAY6","id":"f42a7269-b91e-4a7e-8afd-e36622234af4","x":2560,"y":-261,"width":1920,"height":1032,"type":"monitor","focus_index":1,"children":[{"tiling_direction":"horizontal","size_percentage":1,"name":"2","id":"ec3a8ce0-5e10-46df-a259-3ffb7c0ae846","x":2580,"y":-206,"width":1880,"height":957,"type":"workspace","focus_index":0,"children":[{"floating_placement":{"left":2573,"top":-210,"right":4467,"bottom":754,"x":2573,"y":-210,"width":1894,"height":964},"border_delta":{"left":7,"top":0,"right":7,"bottom":7},"handle":198310,"size_percentage":1,"id":"62639cc6-4c4c-4194-b7b1-1900f0cfb027","x":2580,"y":-206,"width":1880,"height":957,"type":"window","focus_index":0,"children":[]}]}]}]}

16/05/2024 19:17:49
GlazeWM.Infrastructure.Exceptions.FatalUserException: Failed to parse user config. (Line: 74, Col: 19, Idx: 1977) - (Line: 74, Col: 26, Idx: 1984): Anchor 'crust"' not found
   at GlazeWM.Domain.UserConfigs.CommandHandlers.EvaluateUserConfigHandler.DeserializeUserConfig(String userConfigPath) in D:\a\glazewm\glazewm\GlazeWM.Domain\UserConfigs\CommandHandlers\EvaluateUserConfigHandler.cs:line 109
   at GlazeWM.Domain.UserConfigs.CommandHandlers.EvaluateUserConfigHandler.Handle(EvaluateUserConfigCommand command) in D:\a\glazewm\glazewm\GlazeWM.Domain\UserConfigs\CommandHandlers\EvaluateUserConfigHandler.cs:line 49
   at GlazeWM.Infrastructure.Bussing.Bus.Invoke[T](T command) in D:\a\glazewm\glazewm\GlazeWM.Infrastructure\Bussing\Bus.cs:line 41
   at GlazeWM.Domain.Common.CommandHandlers.PopulateInitialStateHandler.Handle(PopulateInitialStateCommand command) in D:\a\glazewm\glazewm\GlazeWM.Domain\Common\CommandHandlers\PopulateInitialStateHandler.cs:line 41
   at GlazeWM.Infrastructure.Bussing.Bus.Invoke[T](T command) in D:\a\glazewm\glazewm\GlazeWM.Infrastructure\Bussing\Bus.cs:line 41
   at GlazeWM.App.WindowManager.WmStartup.Run()
Command history: HandleFatalExceptionCommand, EvaluateUserConfigCommand, PopulateInitialStateCommand 
State dump: {"id":"223b254f-c9e8-432c-aee7-d8de13a84b32","x":0,"y":0,"width":0,"height":0,"type":"root","focus_index":0,"children":[]}

16/05/2024 19:23:59
GlazeWM.Infrastructure.Exceptions.FatalUserException: Failed to parse user config. Invalid value at property: '$.workspaces'.
   at GlazeWM.Domain.UserConfigs.CommandHandlers.EvaluateUserConfigHandler.DeserializeUserConfig(String userConfigPath) in D:\a\glazewm\glazewm\GlazeWM.Domain\UserConfigs\CommandHandlers\EvaluateUserConfigHandler.cs:line 109
   at GlazeWM.Domain.UserConfigs.CommandHandlers.EvaluateUserConfigHandler.Handle(EvaluateUserConfigCommand command) in D:\a\glazewm\glazewm\GlazeWM.Domain\UserConfigs\CommandHandlers\EvaluateUserConfigHandler.cs:line 49
   at GlazeWM.Infrastructure.Bussing.Bus.Invoke[T](T command) in D:\a\glazewm\glazewm\GlazeWM.Infrastructure\Bussing\Bus.cs:line 48
   at GlazeWM.Domain.UserConfigs.CommandHandlers.ReloadUserConfigHandler.Handle(ReloadUserConfigCommand command) in D:\a\glazewm\glazewm\GlazeWM.Domain\UserConfigs\CommandHandlers\ReloadUserConfigHandler.cs:line 35
   at GlazeWM.Infrastructure.Bussing.Bus.Invoke[T](T command) in D:\a\glazewm\glazewm\GlazeWM.Infrastructure\Bussing\Bus.cs:line 48
   at CallSite.Target(Closure, CallSite, Bus, Object)
   at System.Dynamic.UpdateDelegates.UpdateAndExecuteVoid2[T0,T1](CallSite site, T0 arg0, T1 arg1)
   at GlazeWM.Domain.UserConfigs.CommandHandlers.RunWithSubjectContainerHandler.Handle(RunWithSubjectContainerCommand command) in D:\a\glazewm\glazewm\GlazeWM.Domain\UserConfigs\CommandHandlers\RunWithSubjectContainerHandler.cs:line 28
   at GlazeWM.Infrastructure.Bussing.Bus.Invoke[T](T command) in D:\a\glazewm\glazewm\GlazeWM.Infrastructure\Bussing\Bus.cs:line 48
   at GlazeWM.Domain.UserConfigs.CommandHandlers.RegisterKeybindingsHandler.<>c__DisplayClass4_0.<Handle>b__1() in D:\a\glazewm\glazewm\GlazeWM.Domain\UserConfigs\CommandHandlers\RegisterKeybindingsHandler.cs:line 55
Command history: HandleFatalExceptionCommand, EvaluateUserConfigCommand, ReloadUserConfigCommand, RunWithSubjectContainerCommand, SetActiveWindowBorderCommand, SetFocusedDescendantCommand, SetActiveWindowBorderCommand, SetFocusedDescendantCommand, SetActiveWindowBorderCommand, SyncNativeFocusCommand, RedrawContainersCommand, DetachContainerCommand, DeactivateWorkspaceCommand, SetFocusedDescendantCommand, FocusWorkspaceCommand 
State dump: {"id":"5df007e3-ae36-4152-bf26-b432d37be3fb","x":0,"y":0,"width":0,"height":0,"type":"root","focus_index":0,"children":[{"device_name":"\\\\.\\DISPLAY1","id":"d8c977a2-7d94-4ff0-b08f-a701249701cc","x":0,"y":0,"width":2560,"height":1368,"type":"monitor","focus_index":0,"children":[{"tiling_direction":"horizontal","size_percentage":1,"name":"1","id":"ffb06a54-cc65-478a-8923-aa2ab75a8a7b","x":20,"y":70,"width":2520,"height":1278,"type":"workspace","focus_index":0,"children":[{"floating_placement":{"left":868,"top":708,"right":1693,"bottom":710,"x":868,"y":708,"width":825,"height":2},"border_delta":{"left":7,"top":0,"right":7,"bottom":7},"handle":66996,"id":"58a9521f-f717-4c8a-b38b-51206229c9f9","x":868,"y":708,"width":825,"height":2,"type":"window","focus_index":1,"children":[]},{"floating_placement":{"left":13,"top":67,"right":2547,"bottom":1352,"x":13,"y":67,"width":2534,"height":1285},"border_delta":{"left":7,"top":0,"right":7,"bottom":7},"handle":460394,"previous_state":"tiling","id":"2a99d798-c465-4f16-94d5-f8527f37e662","x":0,"y":0,"width":0,"height":0,"type":"window","focus_index":2,"children":[]},{"floating_placement":{"left":13,"top":67,"right":2547,"bottom":1352,"x":13,"y":67,"width":2534,"height":1285},"border_delta":{"left":7,"top":0,"right":7,"bottom":7},"handle":524722,"size_percentage":1,"id":"e72ee2cc-f3b1-45e4-bf38-a1e9b4efc5ad","x":20,"y":70,"width":2520,"height":1278,"type":"window","focus_index":0,"children":[]}]}]},{"device_name":"\\\\.\\DISPLAY6","id":"5f1cc218-bfec-4375-a134-219e0fc9dcb5","x":3840,"y":-392,"width":2880,"height":1548,"type":"monitor","focus_index":1,"children":[{"tiling_direction":"horizontal","size_percentage":1,"name":"2","id":"b2081e7d-e75c-4e06-9b50-8948e6f22d8b","x":3860,"y":-322,"width":2840,"height":1458,"type":"workspace","focus_index":0,"children":[{"floating_placement":{"left":3860,"top":-316,"right":6701,"bottom":1130,"x":3860,"y":-316,"width":2841,"height":1446},"border_delta":{"left":7,"top":0,"right":7,"bottom":7},"handle":198310,"size_percentage":1,"id":"76c78192-a3f8-4ecf-b7c6-78b4533afefc","x":3860,"y":-322,"width":2840,"height":1458,"type":"window","focus_index":0,"children":[]}]}]}]}

16/05/2024 19:30:41
GlazeWM.Infrastructure.Exceptions.FatalUserException: Failed to parse user config. Invalid command 'focus workspace 1'.
   at GlazeWM.Domain.UserConfigs.CommandHandlers.EvaluateUserConfigHandler.ValidateDeserializedConfig(UserConfig deserializedConfig) in D:\a\glazewm\glazewm\GlazeWM.Domain\UserConfigs\CommandHandlers\EvaluateUserConfigHandler.cs:line 209
   at GlazeWM.Domain.UserConfigs.CommandHandlers.EvaluateUserConfigHandler.Handle(EvaluateUserConfigCommand command) in D:\a\glazewm\glazewm\GlazeWM.Domain\UserConfigs\CommandHandlers\EvaluateUserConfigHandler.cs:line 58
   at GlazeWM.Infrastructure.Bussing.Bus.Invoke[T](T command) in D:\a\glazewm\glazewm\GlazeWM.Infrastructure\Bussing\Bus.cs:line 48
   at GlazeWM.Domain.UserConfigs.CommandHandlers.ReloadUserConfigHandler.Handle(ReloadUserConfigCommand command) in D:\a\glazewm\glazewm\GlazeWM.Domain\UserConfigs\CommandHandlers\ReloadUserConfigHandler.cs:line 35
   at GlazeWM.Infrastructure.Bussing.Bus.Invoke[T](T command) in D:\a\glazewm\glazewm\GlazeWM.Infrastructure\Bussing\Bus.cs:line 48
   at CallSite.Target(Closure, CallSite, Bus, Object)
   at System.Dynamic.UpdateDelegates.UpdateAndExecuteVoid2[T0,T1](CallSite site, T0 arg0, T1 arg1)
   at GlazeWM.Domain.UserConfigs.CommandHandlers.RunWithSubjectContainerHandler.Handle(RunWithSubjectContainerCommand command) in D:\a\glazewm\glazewm\GlazeWM.Domain\UserConfigs\CommandHandlers\RunWithSubjectContainerHandler.cs:line 28
   at GlazeWM.Infrastructure.Bussing.Bus.Invoke[T](T command) in D:\a\glazewm\glazewm\GlazeWM.Infrastructure\Bussing\Bus.cs:line 48
   at GlazeWM.Domain.UserConfigs.CommandHandlers.RegisterKeybindingsHandler.<>c__DisplayClass4_0.<Handle>b__1() in D:\a\glazewm\glazewm\GlazeWM.Domain\UserConfigs\CommandHandlers\RegisterKeybindingsHandler.cs:line 63
Command history: HandleFatalExceptionCommand, EvaluateUserConfigCommand, ReloadUserConfigCommand, RunWithSubjectContainerCommand, SyncNativeFocusCommand, RedrawContainersCommand, RunWithSubjectContainerCommand, ResizeWindowBordersCommand, RunWithSubjectContainerCommand, RunWithSubjectContainerCommand, RunWithSubjectContainerCommand, RunWithSubjectContainerCommand, UpdateWorkspacesFromConfigCommand, RegisterKeybindingsCommand, EvaluateUserConfigCommand 
State dump: {"id":"27ec171e-e021-499b-9a6d-4669810f4b04","x":0,"y":0,"width":0,"height":0,"type":"root","focus_index":0,"children":[{"device_name":"\\\\.\\DISPLAY1","id":"582743eb-ad74-43c6-bb85-01f9fb98369c","x":0,"y":0,"width":2560,"height":1368,"type":"monitor","focus_index":0,"children":[{"tiling_direction":"horizontal","size_percentage":1,"name":"1","id":"f19985c4-7fa0-466a-a70c-cb241940c202","x":20,"y":70,"width":2520,"height":1278,"type":"workspace","focus_index":0,"children":[{"floating_placement":{"left":13,"top":67,"right":2547,"bottom":1352,"x":13,"y":67,"width":2534,"height":1285},"border_delta":{"left":7,"top":0,"right":7,"bottom":7},"handle":460394,"previous_state":"tiling","id":"aa9dcb2b-5f79-445d-b3ab-7a7025a3a472","x":0,"y":0,"width":0,"height":0,"type":"window","focus_index":2,"children":[]},{"floating_placement":{"left":868,"top":708,"right":1693,"bottom":710,"x":868,"y":708,"width":825,"height":2},"border_delta":{"left":7,"top":0,"right":7,"bottom":7},"handle":66996,"id":"73e9abc1-bac0-4d0a-8fc4-daa888166c85","x":868,"y":708,"width":825,"height":2,"type":"window","focus_index":3,"children":[]},{"floating_placement":{"left":13,"top":67,"right":2547,"bottom":1352,"x":13,"y":67,"width":2534,"height":1285},"border_delta":{"left":7,"top":0,"right":7,"bottom":7},"handle":524722,"size_percentage":1,"id":"aa81359a-d52a-48c5-813b-63d57c7d0e5d","x":20,"y":70,"width":2520,"height":1278,"type":"window","focus_index":0,"children":[]},{"floating_placement":{"left":575,"top":-12,"right":1985,"bottom":1431,"x":575,"y":-12,"width":1410,"height":1443},"border_delta":{"left":0,"top":0,"right":0,"bottom":0},"handle":1705502,"previous_state":"tiling","id":"d5f4fb0c-3ea3-4a34-93cd-10116497a9a9","x":0,"y":0,"width":0,"height":0,"type":"window","focus_index":1,"children":[]}]}]},{"device_name":"\\\\.\\DISPLAY6","id":"980930ed-ba85-46be-8739-dad394f6c5d9","x":3840,"y":-392,"width":2880,"height":1548,"type":"monitor","focus_index":1,"children":[{"tiling_direction":"horizontal","size_percentage":1,"name":"3","id":"bc41fbdb-89e3-4132-8e7b-76a939d4f024","x":3860,"y":-322,"width":2840,"height":1458,"type":"workspace","focus_index":0,"children":[{"floating_placement":{"left":3853,"top":-326,"right":6708,"bottom":1140,"x":3853,"y":-326,"width":2855,"height":1466},"border_delta":{"left":7,"top":0,"right":7,"bottom":7},"handle":198310,"size_percentage":1,"id":"c08ed831-ea6a-44af-a5fc-2e2d8855c51c","x":3860,"y":-322,"width":2840,"height":1458,"type":"window","focus_index":0,"children":[]}]}]}]}

16/05/2024 19:32:04
GlazeWM.Infrastructure.Exceptions.FatalUserException: Failed to parse user config. Invalid command 'focus workspace i'.
   at GlazeWM.Domain.UserConfigs.CommandHandlers.EvaluateUserConfigHandler.ValidateDeserializedConfig(UserConfig deserializedConfig) in D:\a\glazewm\glazewm\GlazeWM.Domain\UserConfigs\CommandHandlers\EvaluateUserConfigHandler.cs:line 209
   at GlazeWM.Domain.UserConfigs.CommandHandlers.EvaluateUserConfigHandler.Handle(EvaluateUserConfigCommand command) in D:\a\glazewm\glazewm\GlazeWM.Domain\UserConfigs\CommandHandlers\EvaluateUserConfigHandler.cs:line 58
   at GlazeWM.Infrastructure.Bussing.Bus.Invoke[T](T command) in D:\a\glazewm\glazewm\GlazeWM.Infrastructure\Bussing\Bus.cs:line 41
   at GlazeWM.Domain.Common.CommandHandlers.PopulateInitialStateHandler.Handle(PopulateInitialStateCommand command) in D:\a\glazewm\glazewm\GlazeWM.Domain\Common\CommandHandlers\PopulateInitialStateHandler.cs:line 41
   at GlazeWM.Infrastructure.Bussing.Bus.Invoke[T](T command) in D:\a\glazewm\glazewm\GlazeWM.Infrastructure\Bussing\Bus.cs:line 41
   at GlazeWM.App.WindowManager.WmStartup.Run()
Command history: HandleFatalExceptionCommand, EvaluateUserConfigCommand, PopulateInitialStateCommand 
State dump: {"id":"4ac0e041-688a-4efd-813b-5abe2144caa5","x":0,"y":0,"width":0,"height":0,"type":"root","focus_index":0,"children":[]}

16/05/2024 20:22:53
GlazeWM.Infrastructure.Exceptions.FatalUserException: Failed to parse user config. (Line: 176, Col: 5, Idx: 4828) - (Line: 176, Col: 6, Idx: 4829): While parsing a block mapping, did not find expected key.
   at GlazeWM.Domain.UserConfigs.CommandHandlers.EvaluateUserConfigHandler.DeserializeUserConfig(String userConfigPath) in D:\a\glazewm\glazewm\GlazeWM.Domain\UserConfigs\CommandHandlers\EvaluateUserConfigHandler.cs:line 109
   at GlazeWM.Domain.UserConfigs.CommandHandlers.EvaluateUserConfigHandler.Handle(EvaluateUserConfigCommand command) in D:\a\glazewm\glazewm\GlazeWM.Domain\UserConfigs\CommandHandlers\EvaluateUserConfigHandler.cs:line 49
   at GlazeWM.Infrastructure.Bussing.Bus.Invoke[T](T command) in D:\a\glazewm\glazewm\GlazeWM.Infrastructure\Bussing\Bus.cs:line 48
   at GlazeWM.Domain.UserConfigs.CommandHandlers.ReloadUserConfigHandler.Handle(ReloadUserConfigCommand command) in D:\a\glazewm\glazewm\GlazeWM.Domain\UserConfigs\CommandHandlers\ReloadUserConfigHandler.cs:line 35
   at GlazeWM.Infrastructure.Bussing.Bus.Invoke[T](T command) in D:\a\glazewm\glazewm\GlazeWM.Infrastructure\Bussing\Bus.cs:line 48
   at CallSite.Target(Closure, CallSite, Bus, Object)
   at System.Dynamic.UpdateDelegates.UpdateAndExecuteVoid2[T0,T1](CallSite site, T0 arg0, T1 arg1)
   at GlazeWM.Domain.UserConfigs.CommandHandlers.RunWithSubjectContainerHandler.Handle(RunWithSubjectContainerCommand command) in D:\a\glazewm\glazewm\GlazeWM.Domain\UserConfigs\CommandHandlers\RunWithSubjectContainerHandler.cs:line 28
   at GlazeWM.Infrastructure.Bussing.Bus.Invoke[T](T command) in D:\a\glazewm\glazewm\GlazeWM.Infrastructure\Bussing\Bus.cs:line 48
   at GlazeWM.Domain.UserConfigs.CommandHandlers.RegisterKeybindingsHandler.<>c__DisplayClass4_0.<Handle>b__1() in D:\a\glazewm\glazewm\GlazeWM.Domain\UserConfigs\CommandHandlers\RegisterKeybindingsHandler.cs:line 55
Command history: HandleFatalExceptionCommand, EvaluateUserConfigCommand, ReloadUserConfigCommand, RunWithSubjectContainerCommand, SetActiveWindowBorderCommand, SetFocusedDescendantCommand, SetActiveWindowBorderCommand, SetFocusedDescendantCommand, SetActiveWindowBorderCommand, SetFocusedDescendantCommand, RedrawContainersCommand, AttachContainerCommand, DetachContainerCommand, MoveContainerWithinTreeCommand, ReplaceContainerCommand 
State dump: {"id":"5edd18d4-dadf-45fb-958d-630f59512a56","x":0,"y":0,"width":0,"height":0,"type":"root","focus_index":0,"children":[{"device_name":"\\\\.\\DISPLAY1","id":"e09b2541-83d7-42c7-a359-49da999587c9","x":0,"y":0,"width":2560,"height":1368,"type":"monitor","focus_index":0,"children":[{"tiling_direction":"horizontal","size_percentage":1,"name":"1","id":"39e0fc81-ae34-4e00-b46a-070de4a3b75c","x":14,"y":64,"width":2532,"height":1290,"type":"workspace","focus_index":0,"children":[{"floating_placement":{"left":655,"top":70,"right":1905,"bottom":1348,"x":655,"y":70,"width":1250,"height":1278},"border_delta":{"left":0,"top":0,"right":0,"bottom":0},"handle":1705502,"previous_state":"tiling","id":"23da9304-2895-47ad-9f3e-b63e077599dd","x":0,"y":0,"width":0,"height":0,"type":"window","focus_index":1,"children":[]},{"floating_placement":{"left":13,"top":67,"right":2547,"bottom":1352,"x":13,"y":67,"width":2534,"height":1285},"border_delta":{"left":7,"top":0,"right":7,"bottom":7},"handle":524722,"size_percentage":1,"id":"ac73588f-cec4-4016-8ff6-ab8a0bd0eeb7","x":14,"y":64,"width":2532,"height":1290,"type":"window","focus_index":0,"children":[]}]}]},{"device_name":"\\\\.\\DISPLAY6","id":"43f19ad1-0169-4771-833c-9f24870c1734","x":3840,"y":-392,"width":2880,"height":1548,"type":"monitor","focus_index":1,"children":[{"tiling_direction":"horizontal","size_percentage":1,"name":"2","id":"0af85fc8-1171-40e7-a22d-a57bf255db53","x":3854,"y":-328,"width":2852,"height":1470,"type":"workspace","focus_index":0,"children":[{"floating_placement":{"left":3853,"top":-326,"right":6708,"bottom":1140,"x":3853,"y":-326,"width":2855,"height":1466},"border_delta":{"left":7,"top":0,"right":7,"bottom":7},"handle":198310,"size_percentage":1,"id":"44156231-f110-4a2e-9ae3-5d21d1461216","x":3854,"y":-328,"width":2852,"height":1470,"type":"window","focus_index":0,"children":[]}]},{"tiling_direction":"horizontal","size_percentage":0,"name":"3","id":"d8dc6223-99f8-44b0-9cac-de062422bbda","x":3854,"y":-328,"width":2852,"height":1470,"type":"workspace","focus_index":1,"children":[{"floating_placement":{"left":4904,"top":-320,"right":5657,"bottom":1134,"x":4904,"y":-320,"width":753,"height":1454},"border_delta":{"left":7,"top":0,"right":7,"bottom":7},"handle":461150,"size_percentage":1,"id":"6b83c614-ec6f-42fc-af74-80b0f13facf6","x":3854,"y":-328,"width":2852,"height":1470,"type":"window","focus_index":0,"children":[]}]}]}]}

16/05/2024 21:00:20
GlazeWM.Infrastructure.Exceptions.FatalUserException: Failed to parse user config. (Line: 158, Col: 21, Idx: 4309) - (Line: 158, Col: 21, Idx: 4309): Mapping values are not allowed in this context.
   at GlazeWM.Domain.UserConfigs.CommandHandlers.EvaluateUserConfigHandler.DeserializeUserConfig(String userConfigPath) in D:\a\glazewm\glazewm\GlazeWM.Domain\UserConfigs\CommandHandlers\EvaluateUserConfigHandler.cs:line 109
   at GlazeWM.Domain.UserConfigs.CommandHandlers.EvaluateUserConfigHandler.Handle(EvaluateUserConfigCommand command) in D:\a\glazewm\glazewm\GlazeWM.Domain\UserConfigs\CommandHandlers\EvaluateUserConfigHandler.cs:line 49
   at GlazeWM.Infrastructure.Bussing.Bus.Invoke[T](T command) in D:\a\glazewm\glazewm\GlazeWM.Infrastructure\Bussing\Bus.cs:line 48
   at GlazeWM.Domain.UserConfigs.CommandHandlers.ReloadUserConfigHandler.Handle(ReloadUserConfigCommand command) in D:\a\glazewm\glazewm\GlazeWM.Domain\UserConfigs\CommandHandlers\ReloadUserConfigHandler.cs:line 35
   at GlazeWM.Infrastructure.Bussing.Bus.Invoke[T](T command) in D:\a\glazewm\glazewm\GlazeWM.Infrastructure\Bussing\Bus.cs:line 48
   at CallSite.Target(Closure, CallSite, Bus, Object)
   at System.Dynamic.UpdateDelegates.UpdateAndExecuteVoid2[T0,T1](CallSite site, T0 arg0, T1 arg1)
   at GlazeWM.Domain.UserConfigs.CommandHandlers.RunWithSubjectContainerHandler.Handle(RunWithSubjectContainerCommand command) in D:\a\glazewm\glazewm\GlazeWM.Domain\UserConfigs\CommandHandlers\RunWithSubjectContainerHandler.cs:line 28
   at GlazeWM.Infrastructure.Bussing.Bus.Invoke[T](T command) in D:\a\glazewm\glazewm\GlazeWM.Infrastructure\Bussing\Bus.cs:line 48
   at GlazeWM.Domain.UserConfigs.CommandHandlers.RegisterKeybindingsHandler.<>c__DisplayClass4_0.<Handle>b__1() in D:\a\glazewm\glazewm\GlazeWM.Domain\UserConfigs\CommandHandlers\RegisterKeybindingsHandler.cs:line 55
Command history: HandleFatalExceptionCommand, EvaluateUserConfigCommand, ReloadUserConfigCommand, RunWithSubjectContainerCommand, SetActiveWindowBorderCommand, SetFocusedDescendantCommand, SetActiveWindowBorderCommand, SetFocusedDescendantCommand, SetActiveWindowBorderCommand, SetFocusedDescendantCommand, SetActiveWindowBorderCommand, SetFocusedDescendantCommand, SyncNativeFocusCommand, RedrawContainersCommand, RunWithSubjectContainerCommand 
State dump: {"id":"d4edfd5a-a4af-4d98-9bc6-de9733c62b91","x":0,"y":0,"width":0,"height":0,"type":"root","focus_index":0,"children":[{"device_name":"\\\\.\\DISPLAY1","id":"7a1046ed-39d1-41c9-b4ac-0fb2716922f6","x":0,"y":0,"width":2560,"height":1368,"type":"monitor","focus_index":0,"children":[{"tiling_direction":"horizontal","size_percentage":1,"name":"1","id":"03ac6a36-4b18-40c9-a45f-ef9bab31e23d","x":14,"y":64,"width":2532,"height":1290,"type":"workspace","focus_index":0,"children":[{"floating_placement":{"left":7,"top":61,"right":2553,"bottom":1358,"x":7,"y":61,"width":2546,"height":1297},"border_delta":{"left":7,"top":0,"right":7,"bottom":7},"handle":3410138,"previous_state":"tiling","id":"2b76c6b1-77e4-472a-95d8-d3468780e0af","x":0,"y":0,"width":0,"height":0,"type":"window","focus_index":1,"children":[]},{"floating_placement":{"left":655,"top":70,"right":1905,"bottom":1348,"x":655,"y":70,"width":1250,"height":1278},"border_delta":{"left":0,"top":0,"right":0,"bottom":0},"handle":1705502,"previous_state":"tiling","id":"48273816-c4ed-4aeb-8e2c-ce746dd32d0e","x":0,"y":0,"width":0,"height":0,"type":"window","focus_index":2,"children":[]},{"floating_placement":{"left":7,"top":61,"right":2553,"bottom":1358,"x":7,"y":61,"width":2546,"height":1297},"border_delta":{"left":7,"top":0,"right":7,"bottom":7},"handle":524722,"size_percentage":1,"id":"ef98271a-85f1-4a8f-8970-5fb026378934","x":14,"y":64,"width":2532,"height":1290,"type":"window","focus_index":0,"children":[]}]}]},{"device_name":"\\\\.\\DISPLAY6","id":"b33c5bcd-e888-41e2-97fc-65e5f005283c","x":3840,"y":-392,"width":2880,"height":1548,"type":"monitor","focus_index":1,"children":[{"tiling_direction":"horizontal","size_percentage":1,"name":"2","id":"305719f3-76c5-4cda-b201-cd9463eed9f6","x":3854,"y":-328,"width":2852,"height":1470,"type":"workspace","focus_index":0,"children":[{"floating_placement":{"left":3847,"top":-332,"right":6714,"bottom":1146,"x":3847,"y":-332,"width":2867,"height":1478},"border_delta":{"left":7,"top":0,"right":7,"bottom":7},"handle":198310,"size_percentage":1,"id":"56f7bf44-5306-452f-be9b-5373f53b67d3","x":3854,"y":-328,"width":2852,"height":1470,"type":"window","focus_index":0,"children":[]},{"floating_placement":{"left":4868,"top":406,"right":5693,"bottom":408,"x":4868,"y":406,"width":825,"height":2},"border_delta":{"left":7,"top":0,"right":7,"bottom":7},"handle":66996,"id":"61735876-7637-41ee-b8ba-30cbd6602598","x":4868,"y":406,"width":825,"height":2,"type":"window","focus_index":1,"children":[]}]},{"tiling_direction":"horizontal","size_percentage":0,"name":"3","id":"93e4ab00-02e8-4f8d-ac7f-6e52766077b5","x":3854,"y":-328,"width":2852,"height":1470,"type":"workspace","focus_index":1,"children":[{"floating_placement":{"left":3847,"top":-332,"right":6714,"bottom":1146,"x":3847,"y":-332,"width":2867,"height":1478},"border_delta":{"left":7,"top":0,"right":7,"bottom":7},"handle":461150,"size_percentage":1,"id":"f9ba7a2e-a56e-40e4-8fd2-7a00d51f491f","x":3854,"y":-328,"width":2852,"height":1470,"type":"window","focus_index":0,"children":[]}]}]}]}

16/05/2024 22:03:07
GlazeWM.Infrastructure.Exceptions.FatalUserException: Failed to parse user config. Value cannot be null. (Parameter 'second')
   at GlazeWM.Domain.UserConfigs.CommandHandlers.EvaluateUserConfigHandler.ValidateDeserializedConfig(UserConfig deserializedConfig) in D:\a\glazewm\glazewm\GlazeWM.Domain\UserConfigs\CommandHandlers\EvaluateUserConfigHandler.cs:line 209
   at GlazeWM.Domain.UserConfigs.CommandHandlers.EvaluateUserConfigHandler.Handle(EvaluateUserConfigCommand command) in D:\a\glazewm\glazewm\GlazeWM.Domain\UserConfigs\CommandHandlers\EvaluateUserConfigHandler.cs:line 63
   at GlazeWM.Infrastructure.Bussing.Bus.Invoke[T](T command) in D:\a\glazewm\glazewm\GlazeWM.Infrastructure\Bussing\Bus.cs:line 48
   at GlazeWM.Domain.UserConfigs.CommandHandlers.ReloadUserConfigHandler.Handle(ReloadUserConfigCommand command) in D:\a\glazewm\glazewm\GlazeWM.Domain\UserConfigs\CommandHandlers\ReloadUserConfigHandler.cs:line 55
   at GlazeWM.Infrastructure.Bussing.Bus.Invoke[T](T command) in D:\a\glazewm\glazewm\GlazeWM.Infrastructure\Bussing\Bus.cs:line 48
   at CallSite.Target(Closure, CallSite, Bus, Object)
   at System.Dynamic.UpdateDelegates.UpdateAndExecuteVoid2[T0,T1](CallSite site, T0 arg0, T1 arg1)
   at GlazeWM.Domain.UserConfigs.CommandHandlers.RunWithSubjectContainerHandler.Handle(RunWithSubjectContainerCommand command) in D:\a\glazewm\glazewm\GlazeWM.Domain\UserConfigs\CommandHandlers\RunWithSubjectContainerHandler.cs:line 28
   at GlazeWM.Infrastructure.Bussing.Bus.Invoke[T](T command) in D:\a\glazewm\glazewm\GlazeWM.Infrastructure\Bussing\Bus.cs:line 48
   at GlazeWM.Domain.UserConfigs.CommandHandlers.RegisterKeybindingsHandler.<>c__DisplayClass4_0.<Handle>b__1() in D:\a\glazewm\glazewm\GlazeWM.Domain\UserConfigs\CommandHandlers\RegisterKeybindingsHandler.cs:line 63
Command history: HandleFatalExceptionCommand, EvaluateUserConfigCommand, ReloadUserConfigCommand, RunWithSubjectContainerCommand, SetActiveWindowBorderCommand, SetFocusedDescendantCommand, SetActiveWindowBorderCommand, SyncNativeFocusCommand, RedrawContainersCommand, SetFocusedDescendantCommand, FocusWorkspaceCommand, SetActiveWindowBorderCommand, SyncNativeFocusCommand, RedrawContainersCommand, SetFocusedDescendantCommand 
State dump: {"id":"c0e4f3aa-2328-4f84-909d-bc7a901ea395","x":0,"y":0,"width":0,"height":0,"type":"root","focus_index":0,"children":[{"device_name":"\\\\.\\DISPLAY1","id":"717bdaf1-27d2-45eb-b68b-01497fa54cb4","x":0,"y":0,"width":2560,"height":1368,"type":"monitor","focus_index":0,"children":[{"tiling_direction":"horizontal","size_percentage":1,"name":"1","id":"d3254cfd-f1e1-4b60-af7f-1acc88eb7748","x":14,"y":64,"width":2532,"height":1290,"type":"workspace","focus_index":0,"children":[{"floating_placement":{"left":7,"top":61,"right":2553,"bottom":1358,"x":7,"y":61,"width":2546,"height":1297},"border_delta":{"left":7,"top":0,"right":7,"bottom":7},"handle":524722,"size_percentage":1,"id":"311a470b-a6de-4f82-bca1-f687e919bcc5","x":14,"y":64,"width":2532,"height":1290,"type":"window","focus_index":0,"children":[]},{"floating_placement":{"left":655,"top":70,"right":1905,"bottom":1348,"x":655,"y":70,"width":1250,"height":1278},"border_delta":{"left":0,"top":0,"right":0,"bottom":0},"handle":1705502,"previous_state":"tiling","id":"77dfa522-ac43-49f4-b748-c59325d6df7e","x":0,"y":0,"width":0,"height":0,"type":"window","focus_index":1,"children":[]}]}]},{"device_name":"\\\\.\\DISPLAY6","id":"32663758-686a-4406-b719-53965fdde613","x":3840,"y":-392,"width":2880,"height":1548,"type":"monitor","focus_index":1,"children":[{"tiling_direction":"horizontal","size_percentage":1,"name":"2","id":"f5a16c24-2092-4dd7-a64e-41244aa74db8","x":3854,"y":-328,"width":2852,"height":1470,"type":"workspace","focus_index":0,"children":[{"floating_placement":{"left":4868,"top":406,"right":5693,"bottom":408,"x":4868,"y":406,"width":825,"height":2},"border_delta":{"left":7,"top":0,"right":7,"bottom":7},"handle":66996,"id":"08f63b3c-83c7-49e7-be05-2d5bd5ce1b82","x":4868,"y":406,"width":825,"height":2,"type":"window","focus_index":1,"children":[]},{"floating_placement":{"left":3847,"top":-332,"right":6714,"bottom":1146,"x":3847,"y":-332,"width":2867,"height":1478},"border_delta":{"left":7,"top":0,"right":7,"bottom":7},"handle":198310,"size_percentage":1,"id":"80e2dacc-c6d3-4670-b27c-5289253d89b3","x":3854,"y":-328,"width":2852,"height":1470,"type":"window","focus_index":0,"children":[]}]},{"tiling_direction":"horizontal","size_percentage":0,"name":"3","id":"8c1529f9-5e3b-4747-9eb0-86493eed45e8","x":3854,"y":-328,"width":2852,"height":1470,"type":"workspace","focus_index":1,"children":[{"floating_placement":{"left":3847,"top":-332,"right":6714,"bottom":1146,"x":3847,"y":-332,"width":2867,"height":1478},"border_delta":{"left":7,"top":0,"right":7,"bottom":7},"handle":461150,"previous_state":"tiling","id":"37c90b14-eb96-48bc-952d-40b1b5f4cc05","x":0,"y":0,"width":0,"height":0,"type":"window","focus_index":0,"children":[]},{"floating_placement":{"left":4695,"top":-21,"right":5865,"bottom":835,"x":4695,"y":-21,"width":1170,"height":856},"border_delta":{"left":7,"top":0,"right":7,"bottom":7},"handle":985076,"previous_state":"tiling","id":"17bf58ec-de45-444d-ab78-ed3c68cc028c","x":0,"y":0,"width":0,"height":0,"type":"window","focus_index":1,"children":[]}]}]}]}

16/05/2024 22:03:28
GlazeWM.Infrastructure.Exceptions.FatalUserException: Failed to parse user config. Value cannot be null. (Parameter 'second')
   at GlazeWM.Domain.UserConfigs.CommandHandlers.EvaluateUserConfigHandler.ValidateDeserializedConfig(UserConfig deserializedConfig) in D:\a\glazewm\glazewm\GlazeWM.Domain\UserConfigs\CommandHandlers\EvaluateUserConfigHandler.cs:line 209
   at GlazeWM.Domain.UserConfigs.CommandHandlers.EvaluateUserConfigHandler.Handle(EvaluateUserConfigCommand command) in D:\a\glazewm\glazewm\GlazeWM.Domain\UserConfigs\CommandHandlers\EvaluateUserConfigHandler.cs:line 58
   at GlazeWM.Infrastructure.Bussing.Bus.Invoke[T](T command) in D:\a\glazewm\glazewm\GlazeWM.Infrastructure\Bussing\Bus.cs:line 41
   at GlazeWM.Domain.Common.CommandHandlers.PopulateInitialStateHandler.Handle(PopulateInitialStateCommand command) in D:\a\glazewm\glazewm\GlazeWM.Domain\Common\CommandHandlers\PopulateInitialStateHandler.cs:line 41
   at GlazeWM.Infrastructure.Bussing.Bus.Invoke[T](T command) in D:\a\glazewm\glazewm\GlazeWM.Infrastructure\Bussing\Bus.cs:line 41
   at GlazeWM.App.WindowManager.WmStartup.Run()
Command history: HandleFatalExceptionCommand, EvaluateUserConfigCommand, PopulateInitialStateCommand 
State dump: {"id":"49a16288-bc25-414b-8c11-08b61f43cc88","x":0,"y":0,"width":0,"height":0,"type":"root","focus_index":0,"children":[]}

17/05/2024 00:56:50
GlazeWM.Infrastructure.Exceptions.FatalUserException: Failed to parse user config. (Line: 83, Col: 34, Idx: 1953) - (Line: 83, Col: 36, Idx: 1955): While parsing a block mapping, did not find expected key.
   at GlazeWM.Domain.UserConfigs.CommandHandlers.EvaluateUserConfigHandler.DeserializeUserConfig(String userConfigPath) in D:\a\glazewm\glazewm\GlazeWM.Domain\UserConfigs\CommandHandlers\EvaluateUserConfigHandler.cs:line 109
   at GlazeWM.Domain.UserConfigs.CommandHandlers.EvaluateUserConfigHandler.Handle(EvaluateUserConfigCommand command) in D:\a\glazewm\glazewm\GlazeWM.Domain\UserConfigs\CommandHandlers\EvaluateUserConfigHandler.cs:line 49
   at GlazeWM.Infrastructure.Bussing.Bus.Invoke[T](T command) in D:\a\glazewm\glazewm\GlazeWM.Infrastructure\Bussing\Bus.cs:line 48
   at GlazeWM.Domain.UserConfigs.CommandHandlers.ReloadUserConfigHandler.Handle(ReloadUserConfigCommand command) in D:\a\glazewm\glazewm\GlazeWM.Domain\UserConfigs\CommandHandlers\ReloadUserConfigHandler.cs:line 35
   at GlazeWM.Infrastructure.Bussing.Bus.Invoke[T](T command) in D:\a\glazewm\glazewm\GlazeWM.Infrastructure\Bussing\Bus.cs:line 48
   at CallSite.Target(Closure, CallSite, Bus, Object)
   at System.Dynamic.UpdateDelegates.UpdateAndExecuteVoid2[T0,T1](CallSite site, T0 arg0, T1 arg1)
   at GlazeWM.Domain.UserConfigs.CommandHandlers.RunWithSubjectContainerHandler.Handle(RunWithSubjectContainerCommand command) in D:\a\glazewm\glazewm\GlazeWM.Domain\UserConfigs\CommandHandlers\RunWithSubjectContainerHandler.cs:line 28
   at GlazeWM.Infrastructure.Bussing.Bus.Invoke[T](T command) in D:\a\glazewm\glazewm\GlazeWM.Infrastructure\Bussing\Bus.cs:line 48
   at GlazeWM.Domain.UserConfigs.CommandHandlers.RegisterKeybindingsHandler.<>c__DisplayClass4_0.<Handle>b__1() in D:\a\glazewm\glazewm\GlazeWM.Domain\UserConfigs\CommandHandlers\RegisterKeybindingsHandler.cs:line 63
Command history: HandleFatalExceptionCommand, EvaluateUserConfigCommand, ReloadUserConfigCommand, RunWithSubjectContainerCommand, SyncNativeFocusCommand, RedrawContainersCommand, RunWithSubjectContainerCommand, RunWithSubjectContainerCommand, RunWithSubjectContainerCommand, ResizeWindowBordersCommand, RunWithSubjectContainerCommand, RunWithSubjectContainerCommand, ResizeWindowBordersCommand, RunWithSubjectContainerCommand, UpdateWorkspacesFromConfigCommand 
State dump: {"id":"22ebbf96-f153-408e-a480-c48a18149aef","x":0,"y":0,"width":0,"height":0,"type":"root","focus_index":0,"children":[{"device_name":"\\\\.\\DISPLAY1","id":"15d0aed6-f0d7-4bd3-a503-d0b8748fb19c","x":0,"y":0,"width":2560,"height":1440,"type":"monitor","focus_index":0,"children":[{"tiling_direction":"horizontal","size_percentage":1,"name":"1","id":"05bf79a1-7a44-475d-ac61-de18de9fb1aa","x":14,"y":64,"width":2532,"height":1362,"type":"workspace","focus_index":0,"children":[{"floating_placement":{"left":14,"top":102,"right":2546,"bottom":1389,"x":14,"y":102,"width":2532,"height":1287},"border_delta":{"left":0,"top":0,"right":0,"bottom":0},"handle":1705502,"previous_state":"tiling","id":"cd839c4a-b1eb-4ccc-8d80-b8ccd26b5485","x":0,"y":0,"width":0,"height":0,"type":"window","focus_index":1,"children":[]},{"floating_placement":{"left":8,"top":97,"right":2553,"bottom":1394,"x":8,"y":97,"width":2545,"height":1297},"border_delta":{"left":7,"top":0,"right":7,"bottom":7},"handle":855736,"size_percentage":1,"id":"1cd03e32-5b8d-45cd-8686-224d7fe214c7","x":14,"y":64,"width":2532,"height":1362,"type":"window","focus_index":0,"children":[]}]},{"tiling_direction":"horizontal","size_percentage":0,"name":"3","id":"b27f7e24-1947-4824-88b1-9dc8eb0a7223","x":14,"y":64,"width":2532,"height":1362,"type":"workspace","focus_index":1,"children":[{"floating_placement":{"left":11,"top":63,"right":2550,"bottom":1428,"x":11,"y":63,"width":2539,"height":1365},"border_delta":{"left":0,"top":0,"right":0,"bottom":0},"handle":659006,"size_percentage":1,"id":"0918b157-3aff-4427-9f46-cc599ed3d4a5","x":14,"y":64,"width":2532,"height":1362,"type":"window","focus_index":0,"children":[]}]},{"tiling_direction":"horizontal","size_percentage":0,"name":"4","id":"cfef909e-6391-4049-a6e6-baf703297329","x":14,"y":64,"width":2532,"height":1362,"type":"workspace","focus_index":2,"children":[]}]},{"device_name":"\\\\.\\DISPLAY6","id":"3ad13d5a-4c49-4424-a90c-972106708857","x":3840,"y":-392,"width":2880,"height":1620,"type":"monitor","focus_index":1,"children":[{"tiling_direction":"horizontal","size_percentage":1,"name":"2","id":"c19b65e5-1dfe-48b3-a700-081f4ea4d90f","x":3854,"y":-328,"width":2852,"height":1542,"type":"workspace","focus_index":0,"children":[{"floating_placement":{"left":4643,"top":-206,"right":5917,"bottom":1093,"x":4643,"y":-206,"width":1274,"height":1299},"border_delta":{"left":7,"top":0,"right":7,"bottom":7},"handle":788954,"previous_state":"tiling","id":"f80d6dd0-7a0c-48f1-a75f-f70596b9b59e","x":0,"y":0,"width":0,"height":0,"type":"window","focus_index":1,"children":[]},{"floating_placement":{"left":3847,"top":-332,"right":6713,"bottom":1218,"x":3847,"y":-332,"width":2866,"height":1550},"border_delta":{"left":7,"top":0,"right":7,"bottom":7},"handle":20515216,"size_percentage":1,"id":"33548b72-21b4-4848-b723-adbbcc7790f0","x":3854,"y":-328,"width":2852,"height":1542,"type":"window","focus_index":0,"children":[]}]},{"tiling_direction":"horizontal","size_percentage":0,"name":"5","id":"32564c86-018e-4543-88bb-9d7122f5edcf","x":3854,"y":-328,"width":2852,"height":1542,"type":"workspace","focus_index":1,"children":[{"floating_placement":{"left":4802,"top":-332,"right":5758,"bottom":1218,"x":4802,"y":-332,"width":956,"height":1550},"border_delta":{"left":7,"top":0,"right":7,"bottom":7},"handle":591250,"previous_state":"tiling","id":"da91fd13-8216-4674-bcfa-8ec9c9755a7e","x":0,"y":0,"width":0,"height":0,"type":"window","focus_index":0,"children":[]}]}]}]}

17/05/2024 10:09:45
GlazeWM.Infrastructure.Exceptions.FatalUserException: Failed to parse user config. (Line: 283, Col: 35, Idx: 8022) - (Line: 283, Col: 35, Idx: 8022): Mapping values are not allowed in this context.
   at GlazeWM.Domain.UserConfigs.CommandHandlers.EvaluateUserConfigHandler.DeserializeUserConfig(String userConfigPath) in D:\a\glazewm\glazewm\GlazeWM.Domain\UserConfigs\CommandHandlers\EvaluateUserConfigHandler.cs:line 109
   at GlazeWM.Domain.UserConfigs.CommandHandlers.EvaluateUserConfigHandler.Handle(EvaluateUserConfigCommand command) in D:\a\glazewm\glazewm\GlazeWM.Domain\UserConfigs\CommandHandlers\EvaluateUserConfigHandler.cs:line 49
   at GlazeWM.Infrastructure.Bussing.Bus.Invoke[T](T command) in D:\a\glazewm\glazewm\GlazeWM.Infrastructure\Bussing\Bus.cs:line 48
   at GlazeWM.Domain.UserConfigs.CommandHandlers.ReloadUserConfigHandler.Handle(ReloadUserConfigCommand command) in D:\a\glazewm\glazewm\GlazeWM.Domain\UserConfigs\CommandHandlers\ReloadUserConfigHandler.cs:line 35
   at GlazeWM.Infrastructure.Bussing.Bus.Invoke[T](T command) in D:\a\glazewm\glazewm\GlazeWM.Infrastructure\Bussing\Bus.cs:line 48
   at CallSite.Target(Closure, CallSite, Bus, Object)
   at System.Dynamic.UpdateDelegates.UpdateAndExecuteVoid2[T0,T1](CallSite site, T0 arg0, T1 arg1)
   at GlazeWM.Domain.UserConfigs.CommandHandlers.RunWithSubjectContainerHandler.Handle(RunWithSubjectContainerCommand command) in D:\a\glazewm\glazewm\GlazeWM.Domain\UserConfigs\CommandHandlers\RunWithSubjectContainerHandler.cs:line 28
   at GlazeWM.Infrastructure.Bussing.Bus.Invoke[T](T command) in D:\a\glazewm\glazewm\GlazeWM.Infrastructure\Bussing\Bus.cs:line 48
   at GlazeWM.Domain.UserConfigs.CommandHandlers.RegisterKeybindingsHandler.<>c__DisplayClass4_0.<Handle>b__1() in D:\a\glazewm\glazewm\GlazeWM.Domain\UserConfigs\CommandHandlers\RegisterKeybindingsHandler.cs:line 55
Command history: HandleFatalExceptionCommand, EvaluateUserConfigCommand, ReloadUserConfigCommand, RunWithSubjectContainerCommand, SetActiveWindowBorderCommand, SetFocusedDescendantCommand, SetActiveWindowBorderCommand, SetFocusedDescendantCommand, SetActiveWindowBorderCommand, SyncNativeFocusCommand, RedrawContainersCommand, SetFocusedDescendantCommand, DetachContainerCommand, UnmanageWindowCommand, SetActiveWindowBorderCommand 
State dump: {"id":"4fa69890-6897-4cec-a148-d784405ca6ad","x":0,"y":0,"width":0,"height":0,"type":"root","focus_index":0,"children":[{"device_name":"\\\\.\\DISPLAY1","id":"3fcff0bd-c33d-40ee-a5b1-02952978c5d5","x":0,"y":0,"width":2560,"height":1440,"type":"monitor","focus_index":0,"children":[{"tiling_direction":"horizontal","size_percentage":1,"name":"1","id":"13c8f04c-437c-4327-9b2a-d8495cde60ef","x":14,"y":64,"width":2532,"height":1362,"type":"workspace","focus_index":1,"children":[]},{"tiling_direction":"horizontal","size_percentage":0,"name":"3","id":"3b70266a-2f14-44a7-bf7b-21f62da79dbd","x":14,"y":64,"width":2532,"height":1362,"type":"workspace","focus_index":0,"children":[{"floating_placement":{"left":-149,"top":-22,"right":2710,"bottom":1513,"x":-149,"y":-22,"width":2859,"height":1535},"border_delta":{"left":7,"top":0,"right":7,"bottom":7},"handle":131942,"size_percentage":1,"id":"8e098183-086d-4b1c-b4ae-26e537540f7c","x":14,"y":64,"width":2532,"height":1362,"type":"window","focus_index":0,"children":[]}]},{"tiling_direction":"horizontal","size_percentage":0,"name":"4","id":"e97df4af-93de-4e1c-8e4b-d3930c073fec","x":14,"y":64,"width":2532,"height":1362,"type":"workspace","focus_index":2,"children":[{"floating_placement":{"left":7,"top":61,"right":2553,"bottom":1430,"x":7,"y":61,"width":2546,"height":1369},"border_delta":{"left":7,"top":0,"right":7,"bottom":7},"handle":330102,"size_percentage":1,"id":"ab25b303-99a9-469b-add9-021048763426","x":14,"y":64,"width":2532,"height":1362,"type":"window","focus_index":0,"children":[]}]}]},{"device_name":"\\\\.\\DISPLAY6","id":"5b33c344-f060-4b50-a095-7e572962ce91","x":3840,"y":-392,"width":2880,"height":1620,"type":"monitor","focus_index":1,"children":[{"tiling_direction":"horizontal","size_percentage":1,"name":"2","id":"e9d50da5-fef3-4c25-8c92-1dda0f3d3a28","x":3854,"y":-328,"width":2852,"height":1542,"type":"workspace","focus_index":0,"children":[{"floating_placement":{"left":4007,"top":-242,"right":6554,"bottom":1129,"x":4007,"y":-242,"width":2547,"height":1371},"border_delta":{"left":7,"top":0,"right":7,"bottom":7},"handle":132960,"size_percentage":1,"id":"99126fe8-aa7d-4425-adcf-277fb3543ade","x":3854,"y":-328,"width":2852,"height":1542,"type":"window","focus_index":0,"children":[]}]},{"tiling_direction":"horizontal","size_percentage":0,"name":"5","id":"1870b28e-5834-46f6-bcfc-bc320c45e90a","x":3854,"y":-328,"width":2852,"height":1542,"type":"workspace","focus_index":1,"children":[]}]}]}

